#! /c/Source/iverilog-install/bin/vvp
:ivl_version "12.0 (devel)" "(s20150603-1539-g2693dd32b)";
:ivl_delay_selection "TYPICAL";
:vpi_time_precision + 0;
:vpi_module "C:\iverilog\lib\ivl\system.vpi";
:vpi_module "C:\iverilog\lib\ivl\vhdl_sys.vpi";
:vpi_module "C:\iverilog\lib\ivl\vhdl_textio.vpi";
:vpi_module "C:\iverilog\lib\ivl\v2005_math.vpi";
:vpi_module "C:\iverilog\lib\ivl\va_math.vpi";
S_0000023743b9ee40 .scope module, "all_gates" "all_gates" 2 1;
 .timescale 0 0;
    .port_info 0 /OUTPUT 1 "and_out";
    .port_info 1 /OUTPUT 1 "nand_out";
    .port_info 2 /OUTPUT 1 "or_out";
    .port_info 3 /OUTPUT 1 "nor_out";
    .port_info 4 /OUTPUT 1 "xor_out";
    .port_info 5 /OUTPUT 1 "xnor_out";
    .port_info 6 /OUTPUT 1 "not_out";
    .port_info 7 /INPUT 1 "a";
    .port_info 8 /INPUT 1 "b";
o0000023743c57038 .functor BUFZ 1, C4<z>; HiZ drive
L_0000023743c23250 .functor AND 1, L_0000023743c9c8b0, o0000023743c57038, C4<1>, C4<1>;
L_0000023743b9ac90 .functor NAND 1, L_0000023743c9c8b0, o0000023743c57038, C4<1>, C4<1>;
L_0000023743b9ad00 .functor OR 1, L_0000023743c9c8b0, o0000023743c57038, C4<0>, C4<0>;
L_0000023743b9ad70 .functor NOR 1, L_0000023743c9c8b0, o0000023743c57038, C4<0>, C4<0>;
L_0000023743b9af00 .functor XOR 1, L_0000023743c9c8b0, o0000023743c57038, C4<0>, C4<0>;
L_0000023743b9af70 .functor XNOR 1, L_0000023743c9c8b0, o0000023743c57038, C4<0>, C4<0>;
L_0000023743c9c840 .functor NOT 1, o0000023743c57038, C4<0>, C4<0>, C4<0>;
L_0000023743c9c8b0 .functor NOT 1, o0000023743c57038, C4<0>, C4<0>, C4<0>;
v0000023743c22970_0 .net "a", 0 0, L_0000023743c9c8b0;  1 drivers
v0000023743b9a840_0 .net "and_out", 0 0, L_0000023743c23250;  1 drivers
v0000023743b9a8e0_0 .net "b", 0 0, o0000023743c57038;  0 drivers
v0000023743b9a980_0 .net "nand_out", 0 0, L_0000023743b9ac90;  1 drivers
v0000023743b9aa20_0 .net "nor_out", 0 0, L_0000023743b9ad70;  1 drivers
v0000023743b9aac0_0 .net "not_out", 0 0, L_0000023743c9c840;  1 drivers
v0000023743b9ab60_0 .net "or_out", 0 0, L_0000023743b9ad00;  1 drivers
v0000023743c9c5a0_0 .net "xnor_out", 0 0, L_0000023743b9af70;  1 drivers
v0000023743c9b920_0 .net "xor_out", 0 0, L_0000023743b9af00;  1 drivers
# The file index is used to find the file name in the following table.
:file_names 3;
    "N/A";
    "<interactive>";
    "all_gates.v";
